2016-11-02 05:01:04,652   INFO  [main] CONSOLE: Initializing VoltDB...

 _    __      ____  ____  ____ 
| |  / /___  / / /_/ __ \/ __ )
| | / / __ \/ / __/ / / / __  |
| |/ / /_/ / / /_/ /_/ / /_/ / 
|___/\____/_/\__/_____/_____/

--------------------------------

2016-11-02 05:01:04,894   INFO  [main] HOST: Generating default deployment file "/home/anh/work/anh/VoltDB/voltdbroot/deployment.xml"
2016-11-02 05:01:04,901   INFO  [main] CONSOLE: Build: 5.1 This is not from a known repository Community Edition
2016-11-02 05:01:04,901   INFO  [main] HOST: Command line arguments: org.voltdb.VoltDB create host localhost:3021
2016-11-02 05:01:04,903   INFO  [main] HOST: Command line JVM arguments: -Xmx2048m -Xms2048m -XX:+AlwaysPreTouch -Djava.awt.headless=true -Dsun.net.inetaddr.ttl=300 -Dsun.net.inetaddr.negative.ttl=3600 -XX:+HeapDumpOnOutOfMemoryError -XX:HeapDumpPath=/tmp -XX:+UseParNewGC -XX:+UseConcMarkSweepGC -XX:+CMSParallelRemarkEnabled -XX:+UseTLAB -XX:CMSInitiatingOccupancyFraction=75 -XX:+UseCMSInitiatingOccupancyOnly -XX:+UseCondCardMark -Dsun.rmi.dgc.server.gcInterval=9223372036854775807 -Dsun.rmi.dgc.client.gcInterval=9223372036854775807 -XX:CMSWaitDuration=120000 -XX:CMSMaxAbortablePrecleanTime=120000 -XX:+ExplicitGCInvokesConcurrent -XX:+CMSScavengeBeforeRemark -XX:+CMSClassUnloadingEnabled -XX:PermSize=64m -Dlog4j.configuration=file:///home/anh/work/anh/VoltDB/voltdb/log4j.xml -Djava.library.path=/home/anh/work/anh/VoltDB/voltdb
2016-11-02 05:01:04,903   INFO  [main] HOST: Command line JVM classpath: /home/anh/work/anh/VoltDB/voltdb/voltdb-5.1.jar:/home/anh/work/anh/VoltDB/lib/httpcore-4.3.2.jar:/home/anh/work/anh/VoltDB/lib/scala-library.jar:/home/anh/work/anh/VoltDB/lib/avro-1.7.7.jar:/home/anh/work/anh/VoltDB/lib/metrics-core-2.2.0.jar:/home/anh/work/anh/VoltDB/lib/commons-lang3-3.0.jar:/home/anh/work/anh/VoltDB/lib/jsch-0.1.51.jar:/home/anh/work/anh/VoltDB/lib/snappy-java-1.1.0.1.jar:/home/anh/work/anh/VoltDB/lib/httpclient-4.3.2.jar:/home/anh/work/anh/VoltDB/lib/jetty-server-7.6.1.v20120215.jar:/home/anh/work/anh/VoltDB/lib/commons-cli-1.2.jar:/home/anh/work/anh/VoltDB/lib/slf4j-nop-1.6.2.jar:/home/anh/work/anh/VoltDB/lib/jetty-http-7.6.1.v20120215.jar:/home/anh/work/anh/VoltDB/lib/tomcat-juli.jar:/home/anh/work/anh/VoltDB/lib/commons-codec-1.6.jar:/home/anh/work/anh/VoltDB/lib/jetty-io-7.6.1.v20120215.jar:/home/anh/work/anh/VoltDB/lib/zmq-2.1.11.jar:/home/anh/work/anh/VoltDB/lib/tomcat-jdbc.jar:/home/anh/work/anh/VoltDB/lib/protobuf-java-2.4.1.jar:/home/anh/work/anh/VoltDB/lib/jna.jar:/home/anh/work/anh/VoltDB/lib/httpcore-nio-4.3.2.jar:/home/anh/work/anh/VoltDB/lib/log4j-1.2.16.jar:/home/anh/work/anh/VoltDB/lib/servlet-api-2.5.jar:/home/anh/work/anh/VoltDB/lib/kafka_2.8.0-0.8.1.jar:/home/anh/work/anh/VoltDB/lib/httpasyncclient-4.0.1.jar:/home/anh/work/anh/VoltDB/lib/commons-logging-1.1.3.jar:/home/anh/work/anh/VoltDB/lib/super-csv-2.1.0.jar:/home/anh/work/anh/VoltDB/lib/jackson-mapper-asl-1.9.13.jar:/home/anh/work/anh/VoltDB/lib/groovy-all-2.1.7-indy.jar:/home/anh/work/anh/VoltDB/lib/jetty-continuation-7.6.1.v20120215.jar:/home/anh/work/anh/VoltDB/lib/slf4j-api-1.6.2.jar:/home/anh/work/anh/VoltDB/lib/jetty-util-7.6.1.v20120215.jar:/home/anh/work/anh/VoltDB/lib/jackson-core-asl-1.9.13.jar:/home/anh/work/anh/VoltDB/lib/jline-2.10.jar
2016-11-02 05:01:04,908   INFO  [main] NETWORK: Default network thread count: 2
2016-11-02 05:01:04,937   INFO  [main] HOST: Beginning inter-node communication on port 3021.
2016-11-02 05:01:04,937   INFO  [main] HOST: Attempting to bind to leader ip localhost/127.0.0.1:3021
2016-11-02 05:01:04,940   INFO  [main] CONSOLE: Connecting to VoltDB cluster as the leader...
2016-11-02 05:01:05,002   INFO  [main] ZK-SERVER: binding to port /127.0.0.1:2181
2016-11-02 05:01:05,009   INFO  [main] ZK-SERVER: Created server with tickTime 3000 minSessionTimeout 6000 maxSessionTimeout 60000
2016-11-02 05:01:05,061   INFO  [main] ZK-SERVER: Initiating client connection, connectString=127.0.0.1:2181 sessionTimeout=2000 watcher=org.voltcore.zk.ZKUtil$1@90d1117
2016-11-02 05:01:05,065   INFO  [main-SendThread()] ZK-CLIENT: Opening socket connection to server /127.0.0.1:2181
2016-11-02 05:01:05,067   INFO  [main-SendThread(localhost:2181)] ZK-CLIENT: Socket connection established to localhost/127.0.0.1:2181, initiating session
2016-11-02 05:01:05,067   INFO  [NIOServerCxn.Factory:/127.0.0.1:2181] ZK-SERVER: Accepted socket connection from /127.0.0.1:44386
2016-11-02 05:01:05,069   INFO  [NIOServerCxn.Factory:/127.0.0.1:2181] ZK-SERVER: Client attempting to establish new session at /127.0.0.1:44386
2016-11-02 05:01:05,078   INFO  [ZooKeeperServer] ZK-SERVER: Established session 0x207861db56800000 with negotiated timeout 6000 for client /127.0.0.1:44386
2016-11-02 05:01:05,078   INFO  [main-SendThread(localhost:2181)] ZK-CLIENT: Session establishment complete on server localhost/127.0.0.1:2181, sessionid = 0x207861db56800000, negotiated timeout = 6000
2016-11-02 05:01:05,120   INFO  [Socket Joiner] HOST: Attempting to bind to internal ip 0.0.0.0/0.0.0.0:3021
2016-11-02 05:01:05,147   INFO  [main] HOST: Host id of this node is: 0
2016-11-02 05:01:05,147   INFO  [main] CONSOLE: Host id of this node is: 0
2016-11-02 05:01:05,210   INFO  [main] HOST: URL of deployment: /home/anh/work/anh/VoltDB/voltdbroot/deployment.xml
2016-11-02 05:01:05,227   INFO  [main] HOST: Dead host timeout set to 90000 milliseconds
2016-11-02 05:01:05,237   INFO  [main] HOST: Elastic duration set to 50 milliseconds
2016-11-02 05:01:05,237   INFO  [main] HOST: Elastic throughput set to 2 mb/s
2016-11-02 05:01:05,237   INFO  [main] HOST: Max temptable size set to 100 mb
2016-11-02 05:01:05,237   INFO  [main] HOST: Snapshot priority set to 6 [0 - 10]
2016-11-02 05:01:05,401   INFO  [main] HOST: Searching for license file located /home/anh/work/anh/VoltDB/license.xml
2016-11-02 05:01:05,422   INFO  [Leader elector-/db/leaders/globalservice] HOST: Host 0 promoted to be the global service provider
2016-11-02 05:01:06,219   INFO  [main] EXPORT: System is not using any export functionality.
2016-11-02 05:01:06,240   INFO  [main] CONSOLE: Initializing the database. This may take a moment...
2016-11-02 05:01:06,269   INFO  [Iv2ExecutionSite: 0:0] HOST: Loading native VoltDB code (voltdb-5.1). A confirmation message will follow if the loading is successful.
2016-11-02 05:01:06,361   INFO  [Iv2ExecutionSite: 0:0] HOST: Successfully loaded native VoltDB library voltdb-5.1.
2016-11-02 05:01:06,363   WARN  [Iv2ExecutionSite: 0:0] DBBPOOL: Strict java memory checking is enabled, don't do release builds or performance runs with this enabled. Invoke "ant clean" and "ant -Djmemcheck=NO_MEMCHECK" to disable.
2016-11-02 05:01:06,480   INFO  [main] TM: Setting maximum size of MPI read pool to: 20
2016-11-02 05:01:06,533   INFO  [LeaderAppointer-Babysitters] TM: Appointing HSId 0:0 as leader for partition 0
2016-11-02 05:01:06,545   INFO  [LeaderAppointer-Babysitters] TM: Appointing HSId 0:1 as leader for partition 1
2016-11-02 05:01:06,554   INFO  [LeaderAppointer-Babysitters] TM: Appointing HSId 0:2 as leader for partition 2
2016-11-02 05:01:06,554   INFO  [LeaderCache] TM: SP 0:1 for partition 1 found (including self) 1 surviving replicas to repair.  Survivors: 0:1
2016-11-02 05:01:06,554   INFO  [LeaderCache] TM: SP 0:0 for partition 0 found (including self) 1 surviving replicas to repair.  Survivors: 0:0
2016-11-02 05:01:06,566   INFO  [LeaderAppointer-Babysitters] TM: Appointing HSId 0:3 as leader for partition 3
2016-11-02 05:01:06,569   INFO  [LeaderCache] TM: SP 0:2 for partition 2 found (including self) 1 surviving replicas to repair.  Survivors: 0:2
2016-11-02 05:01:06,574   INFO  [LeaderAppointer-Babysitters] TM: Appointing HSId 0:4 as leader for partition 4
2016-11-02 05:01:06,575   INFO  [LeaderCache] TM: SP 0:3 for partition 3 found (including self) 1 surviving replicas to repair.  Survivors: 0:3
2016-11-02 05:01:06,592   INFO  [LeaderAppointer-Babysitters] TM: Appointing HSId 0:5 as leader for partition 5
2016-11-02 05:01:06,606   INFO  [LeaderCache] TM: SP 0:4 for partition 4 found (including self) 1 surviving replicas to repair.  Survivors: 0:4
2016-11-02 05:01:06,612   INFO  [LeaderAppointer-Babysitters] TM: Appointing HSId 0:6 as leader for partition 6
2016-11-02 05:01:06,618   INFO  [LeaderCache] TM: SP 0:5 for partition 5 found (including self) 1 surviving replicas to repair.  Survivors: 0:5
2016-11-02 05:01:06,625   INFO  [LeaderAppointer-Babysitters] TM: Appointing HSId 0:7 as leader for partition 7
2016-11-02 05:01:06,631   INFO  [LeaderCache] TM: SP 0:6 for partition 6 found (including self) 1 surviving replicas to repair.  Survivors: 0:6
2016-11-02 05:01:06,635   INFO  [LeaderCache] TM: SP 0:7 for partition 7 found (including self) 1 surviving replicas to repair.  Survivors: 0:7
2016-11-02 05:01:07,720   INFO  [LeaderCache] TM: SP 0:0 for partition 0 finished leader promotion. Took 1174 ms.
2016-11-02 05:01:07,720   INFO  [LeaderCache] TM: SP 0:1 for partition 1 finished leader promotion. Took 1168 ms.
2016-11-02 05:01:07,720   INFO  [LeaderCache] TM: SP 0:5 for partition 5 finished leader promotion. Took 1107 ms.
2016-11-02 05:01:07,720   INFO  [LeaderCache] TM: SP 0:2 for partition 2 finished leader promotion. Took 1152 ms.
2016-11-02 05:01:07,720   INFO  [LeaderCache] TM: SP 0:4 for partition 4 finished leader promotion. Took 1122 ms.
2016-11-02 05:01:07,720   INFO  [LeaderCache] TM: SP 0:7 for partition 7 finished leader promotion. Took 1086 ms.
2016-11-02 05:01:07,720   INFO  [LeaderCache] TM: SP 0:6 for partition 6 finished leader promotion. Took 1095 ms.
2016-11-02 05:01:07,720   INFO  [LeaderCache] TM: SP 0:3 for partition 3 finished leader promotion. Took 1147 ms.
2016-11-02 05:01:07,721   INFO  [LeaderCache] EXPORT: ExportManager accepting mastership for partition 5
2016-11-02 05:01:07,721   INFO  [LeaderCache] EXPORT: ExportManager accepting mastership for partition 0
2016-11-02 05:01:07,722   INFO  [LeaderCache] EXPORT: ExportManager accepting mastership for partition 1
2016-11-02 05:01:07,722   INFO  [LeaderCache] EXPORT: ExportManager accepting mastership for partition 2
2016-11-02 05:01:07,722   INFO  [LeaderCache] EXPORT: ExportManager accepting mastership for partition 3
2016-11-02 05:01:07,722   INFO  [LeaderCache] EXPORT: ExportManager accepting mastership for partition 4
2016-11-02 05:01:07,723   INFO  [LeaderCache] EXPORT: ExportManager accepting mastership for partition 6
2016-11-02 05:01:07,723   INFO  [LeaderCache] EXPORT: ExportManager accepting mastership for partition 7
2016-11-02 05:01:07,730   INFO  [LeaderCache] HOST: Mailbox is not registered for site id -4
2016-11-02 05:01:07,730   INFO  [LeaderCache] HOST: Mailbox is not registered for site id -4
2016-11-02 05:01:07,730   INFO  [LeaderCache] HOST: Mailbox is not registered for site id -4
2016-11-02 05:01:07,730   INFO  [LeaderCache] HOST: Mailbox is not registered for site id -4
2016-11-02 05:01:07,730   INFO  [LeaderCache] HOST: Mailbox is not registered for site id -4
2016-11-02 05:01:07,730   INFO  [LeaderCache] HOST: Mailbox is not registered for site id -4
2016-11-02 05:01:07,730   INFO  [LeaderCache] HOST: Mailbox is not registered for site id -4
2016-11-02 05:01:07,730   INFO  [LeaderCache] HOST: Mailbox is not registered for site id -4
2016-11-02 05:01:07,745   INFO  [LeaderCache] TM: MP 0:8 for partition 16383 found 8 surviving leaders to repair.  Survivors: 0:0, 0:1, 0:2, 0:3, 0:4, 0:5, 0:6, 0:7
2016-11-02 05:01:07,747   INFO  [LeaderCache] TM: MP 0:8 for partition 16383 finished leader promotion. Took 18 ms.
2016-11-02 05:01:07,758   INFO  [LeaderCache] HOST: Mailbox is not registered for site id -4
2016-11-02 05:01:07,789   INFO  [main] HOST: Database start action is Create.
2016-11-02 05:01:07,898   INFO  [main] HOST: PID of this Volt process is 4879
2016-11-02 05:01:07,898   INFO  [main] HOST: Listening for native wire protocol clients on port 21212.
2016-11-02 05:01:07,898   INFO  [main] HOST: Listening for admin wire protocol clients on port 21211.
2016-11-02 05:01:07,898   INFO  [main] HOST: Local machine HTTP monitoring is listening on port 8080.
2016-11-02 05:01:07,898   INFO  [main] HOST: Json API over HTTP enabled at path /api/1.0/, listening on port 8080.
2016-11-02 05:01:07,898   INFO  [main] HOST: Maximum usable Java heap set to 1981 mb.
2016-11-02 05:01:07,898   INFO  [main] HOST: Minimum required Java heap for catalog and server config is 384 MB.
2016-11-02 05:01:07,899   INFO  [main] HOST: Cluster has 1 hosts with leader hostname: "localhost:3021". 8 sites per host. K = 0.
2016-11-02 05:01:07,899   INFO  [main] HOST: The entire cluster has 1 copy of each of the 8 logical partitions.
2016-11-02 05:01:07,899   INFO  [main] HOST: Detection of network partitions in the cluster is enabled.
2016-11-02 05:01:07,899   INFO  [main] HOST: Client authentication is not enabled. Anonymous clients accepted.
2016-11-02 05:01:07,899   INFO  [main] HOST: No schedule set for automated snapshots.
2016-11-02 05:01:07,899   INFO  [main] HOST: Using "voltdbroot" for voltdbroot directory.
2016-11-02 05:01:07,899   INFO  [main] HOST: CPU INFO:         4 Cores, 1 Sockets, 8 Hardware Threads
2016-11-02 05:01:07,899   INFO  [main] HOST: CPU DESC:         Intel(R) Core(TM) i7-4790 CPU @ 3.60GHz 8192 KB cache
2016-11-02 05:01:07,899   INFO  [main] HOST: HOST MEMORY (MB): 32117
2016-11-02 05:01:07,899   INFO  [main] HOST: OS PROFILE:       Linux 3.13.0-74-generic amd64 en_US
2016-11-02 05:01:07,899   INFO  [main] HOST: JAVA VERSION:     1.7.0_91
2016-11-02 05:01:07,899   INFO  [main] HOST: JAVA RUNTIME:     OpenJDK Runtime Environment (1.7.0_91-b02)
2016-11-02 05:01:07,899   INFO  [main] HOST: JAVA VM:          OpenJDK 64-Bit Server VM (24.91-b01, mixed mode)
2016-11-02 05:01:07,899   INFO  [main] HOST: About to list cluster interfaces for all nodes with format [ip1 ip2 ... ipN] client-port:admin-port:http-port
2016-11-02 05:01:07,900   INFO  [main] HOST:   Host id: 0 with interfaces: 172.24.15.60 21212,21211,8080 [SELF]
2016-11-02 05:01:07,900   WARN  [main] CONSOLE: This is not a highly available cluster. K-Safety is set to 0.
2016-11-02 05:01:07,900   WARN  [main] CONSOLE: Durability is turned off. Command logging is off.
2016-11-02 05:01:07,914   INFO  [SnapshotDaemon] LOGGING: This node was selected as the leader for snapshot truncation
2016-11-02 05:01:07,915   INFO  [Thread-15] HOST: Logging config info
2016-11-02 05:01:07,915   INFO  [SnapshotDaemon] LOGGING: Checking for existence of snapshot truncation request
2016-11-02 05:01:08,309   INFO  [Thread-16] CONSOLE: Server completed initialization.
2016-11-02 05:01:08,593   WARN  [Volt Client Network - 1] DBBPOOL: Strict java memory checking is enabled, don't do release builds or performance runs with this enabled. Invoke "ant clean" and "ant -Djmemcheck=NO_MEMCHECK" to disable.
2016-11-02 05:01:14,609   INFO  [Ad Hoc Planner - 0] COMPILER: Applying the following DDL to cluster:
2016-11-02 05:01:14,609   INFO  [Ad Hoc Planner - 0] COMPILER: 	CREATE TABLE towns (
   town VARCHAR(64),
   state VARCHAR(2),
   state_num INTEGER NOT NULL,
   county VARCHAR(64),
   county_num INTEGER NOT NULL,
   elevation INTEGER
)
2016-11-02 05:01:14,764   INFO  [Iv2ExecutionSite: 0:2] HOST: Globally updating the current application catalog and deployment (new hashes 3861DCB89B, FB9F6B8DA6).
2016-11-02 05:01:14,827   INFO  [Ad Hoc Planner - 0] COMPILER: Applying the following DDL to cluster:
2016-11-02 05:01:14,827   INFO  [Ad Hoc Planner - 0] COMPILER: 	CREATE TABLE people (
   state_num TINYINT NOT NULL,
   county_num INTEGER NOT NULL,
   state VARCHAR(20),
   county VARCHAR(64),
   population FLOAT
)
2016-11-02 05:01:14,948   INFO  [Iv2ExecutionSite: 0:4] HOST: Globally updating the current application catalog and deployment (new hashes A3F6F3286F, FB9F6B8DA6).
2016-11-02 05:01:15,011   INFO  [Ad Hoc Planner - 0] COMPILER: Applying the following DDL to cluster:
2016-11-02 05:01:15,011   INFO  [Ad Hoc Planner - 0] COMPILER: 	CREATE INDEX people_idx_hash ON people (state_num, county_num)
2016-11-02 05:01:15,124   INFO  [Iv2ExecutionSite: 0:6] HOST: Globally updating the current application catalog and deployment (new hashes 5397C13889, FB9F6B8DA6).
2016-11-02 14:01:18,706   WARN  [Volt Client Network - 1] DBBPOOL: Strict java memory checking is enabled, don't do release builds or performance runs with this enabled. Invoke "ant clean" and "ant -Djmemcheck=NO_MEMCHECK" to disable.
2016-11-02 14:03:51,323   INFO  [main] CSVLOADER: Read 32768 rows from file and successfully inserted 32768 rows (final)
2016-11-02 14:03:51,323   INFO  [main] CSVLOADER: Elapsed time: 152.767 seconds
2016-11-02 14:03:51,323   INFO  [main] CSVLOADER: Invalid row file: /home/anh/work/anh/VoltDB/csvloader_PEOPLE_insert_invalidrows.csv
2016-11-02 14:03:51,324   INFO  [main] CSVLOADER: Log file: /home/anh/work/anh/VoltDB/csvloader_PEOPLE_insert_log.log
2016-11-02 14:03:51,324   INFO  [main] CSVLOADER: Report file: /home/anh/work/anh/VoltDB/csvloader_PEOPLE_insert_report.log
2016-11-02 05:07:12,736   WARN  [Thread-0] CONSOLE: The VoltDB server will shut down due to a control-C or other JVM exit.
2016-11-02 05:09:20,906   INFO  [main] CONSOLE: Initializing VoltDB...

 _    __      ____  ____  ____ 
| |  / /___  / / /_/ __ \/ __ )
| | / / __ \/ / __/ / / / __  |
| |/ / /_/ / / /_/ /_/ / /_/ / 
|___/\____/_/\__/_____/_____/

--------------------------------

2016-11-02 05:09:21,068   INFO  [main] HOST: Generating default deployment file "/home/anh/work/anh/VoltDB/voltdbroot/deployment.xml"
2016-11-02 05:09:21,074   INFO  [main] CONSOLE: Build: 5.1 This is not from a known repository Community Edition
2016-11-02 05:09:21,074   INFO  [main] HOST: Command line arguments: org.voltdb.VoltDB create host localhost:3021
2016-11-02 05:09:21,075   INFO  [main] HOST: Command line JVM arguments: -Xmx2048m -Xms2048m -XX:+AlwaysPreTouch -Djava.awt.headless=true -Dsun.net.inetaddr.ttl=300 -Dsun.net.inetaddr.negative.ttl=3600 -XX:+HeapDumpOnOutOfMemoryError -XX:HeapDumpPath=/tmp -XX:+UseParNewGC -XX:+UseConcMarkSweepGC -XX:+CMSParallelRemarkEnabled -XX:+UseTLAB -XX:CMSInitiatingOccupancyFraction=75 -XX:+UseCMSInitiatingOccupancyOnly -XX:+UseCondCardMark -Dsun.rmi.dgc.server.gcInterval=9223372036854775807 -Dsun.rmi.dgc.client.gcInterval=9223372036854775807 -XX:CMSWaitDuration=120000 -XX:CMSMaxAbortablePrecleanTime=120000 -XX:+ExplicitGCInvokesConcurrent -XX:+CMSScavengeBeforeRemark -XX:+CMSClassUnloadingEnabled -XX:PermSize=64m -Dlog4j.configuration=file:///home/anh/work/anh/VoltDB/voltdb/log4j.xml -Djava.library.path=/home/anh/work/anh/VoltDB/voltdb
2016-11-02 05:09:21,075   INFO  [main] HOST: Command line JVM classpath: /home/anh/work/anh/VoltDB/voltdb/voltdb-5.1.jar:/home/anh/work/anh/VoltDB/lib/httpcore-4.3.2.jar:/home/anh/work/anh/VoltDB/lib/scala-library.jar:/home/anh/work/anh/VoltDB/lib/avro-1.7.7.jar:/home/anh/work/anh/VoltDB/lib/metrics-core-2.2.0.jar:/home/anh/work/anh/VoltDB/lib/commons-lang3-3.0.jar:/home/anh/work/anh/VoltDB/lib/jsch-0.1.51.jar:/home/anh/work/anh/VoltDB/lib/snappy-java-1.1.0.1.jar:/home/anh/work/anh/VoltDB/lib/httpclient-4.3.2.jar:/home/anh/work/anh/VoltDB/lib/jetty-server-7.6.1.v20120215.jar:/home/anh/work/anh/VoltDB/lib/commons-cli-1.2.jar:/home/anh/work/anh/VoltDB/lib/slf4j-nop-1.6.2.jar:/home/anh/work/anh/VoltDB/lib/jetty-http-7.6.1.v20120215.jar:/home/anh/work/anh/VoltDB/lib/tomcat-juli.jar:/home/anh/work/anh/VoltDB/lib/commons-codec-1.6.jar:/home/anh/work/anh/VoltDB/lib/jetty-io-7.6.1.v20120215.jar:/home/anh/work/anh/VoltDB/lib/zmq-2.1.11.jar:/home/anh/work/anh/VoltDB/lib/tomcat-jdbc.jar:/home/anh/work/anh/VoltDB/lib/protobuf-java-2.4.1.jar:/home/anh/work/anh/VoltDB/lib/jna.jar:/home/anh/work/anh/VoltDB/lib/httpcore-nio-4.3.2.jar:/home/anh/work/anh/VoltDB/lib/log4j-1.2.16.jar:/home/anh/work/anh/VoltDB/lib/servlet-api-2.5.jar:/home/anh/work/anh/VoltDB/lib/kafka_2.8.0-0.8.1.jar:/home/anh/work/anh/VoltDB/lib/httpasyncclient-4.0.1.jar:/home/anh/work/anh/VoltDB/lib/commons-logging-1.1.3.jar:/home/anh/work/anh/VoltDB/lib/super-csv-2.1.0.jar:/home/anh/work/anh/VoltDB/lib/jackson-mapper-asl-1.9.13.jar:/home/anh/work/anh/VoltDB/lib/groovy-all-2.1.7-indy.jar:/home/anh/work/anh/VoltDB/lib/jetty-continuation-7.6.1.v20120215.jar:/home/anh/work/anh/VoltDB/lib/slf4j-api-1.6.2.jar:/home/anh/work/anh/VoltDB/lib/jetty-util-7.6.1.v20120215.jar:/home/anh/work/anh/VoltDB/lib/jackson-core-asl-1.9.13.jar:/home/anh/work/anh/VoltDB/lib/jline-2.10.jar
2016-11-02 05:09:21,079   INFO  [main] NETWORK: Default network thread count: 2
2016-11-02 05:09:21,093   INFO  [main] HOST: Beginning inter-node communication on port 3021.
2016-11-02 05:09:21,093   INFO  [main] HOST: Attempting to bind to leader ip localhost/127.0.0.1:3021
2016-11-02 05:09:21,096   INFO  [main] CONSOLE: Connecting to VoltDB cluster as the leader...
2016-11-02 05:09:21,123   INFO  [main] ZK-SERVER: binding to port /127.0.0.1:2181
2016-11-02 05:09:21,130   INFO  [main] ZK-SERVER: Created server with tickTime 3000 minSessionTimeout 6000 maxSessionTimeout 60000
2016-11-02 05:09:21,164   INFO  [main] ZK-SERVER: Initiating client connection, connectString=127.0.0.1:2181 sessionTimeout=2000 watcher=org.voltcore.zk.ZKUtil$1@90d1117
2016-11-02 05:09:21,167   INFO  [main-SendThread()] ZK-CLIENT: Opening socket connection to server /127.0.0.1:2181
2016-11-02 05:09:21,169   INFO  [main-SendThread(localhost:2181)] ZK-CLIENT: Socket connection established to localhost/127.0.0.1:2181, initiating session
2016-11-02 05:09:21,169   INFO  [NIOServerCxn.Factory:/127.0.0.1:2181] ZK-SERVER: Accepted socket connection from /127.0.0.1:44515
2016-11-02 05:09:21,171   INFO  [NIOServerCxn.Factory:/127.0.0.1:2181] ZK-SERVER: Client attempting to establish new session at /127.0.0.1:44515
2016-11-02 05:09:21,180   INFO  [ZooKeeperServer] ZK-SERVER: Established session 0x207865a449800000 with negotiated timeout 6000 for client /127.0.0.1:44515
2016-11-02 05:09:21,180   INFO  [main-SendThread(localhost:2181)] ZK-CLIENT: Session establishment complete on server localhost/127.0.0.1:2181, sessionid = 0x207865a449800000, negotiated timeout = 6000
2016-11-02 05:09:21,235   INFO  [Socket Joiner] HOST: Attempting to bind to internal ip 0.0.0.0/0.0.0.0:3021
2016-11-02 05:09:21,265   INFO  [main] HOST: Host id of this node is: 0
2016-11-02 05:09:21,266   INFO  [main] CONSOLE: Host id of this node is: 0
2016-11-02 05:09:21,317   INFO  [main] HOST: URL of deployment: /home/anh/work/anh/VoltDB/voltdbroot/deployment.xml
2016-11-02 05:09:21,334   INFO  [main] HOST: Dead host timeout set to 90000 milliseconds
2016-11-02 05:09:21,343   INFO  [main] HOST: Elastic duration set to 50 milliseconds
2016-11-02 05:09:21,343   INFO  [main] HOST: Elastic throughput set to 2 mb/s
2016-11-02 05:09:21,343   INFO  [main] HOST: Max temptable size set to 100 mb
2016-11-02 05:09:21,343   INFO  [main] HOST: Snapshot priority set to 6 [0 - 10]
2016-11-02 05:09:21,506   INFO  [main] HOST: Searching for license file located /home/anh/work/anh/VoltDB/license.xml
2016-11-02 05:09:21,530   INFO  [Leader elector-/db/leaders/globalservice] HOST: Host 0 promoted to be the global service provider
2016-11-02 05:09:22,242   INFO  [main] EXPORT: System is not using any export functionality.
2016-11-02 05:09:22,249   INFO  [main] CONSOLE: Initializing the database. This may take a moment...
2016-11-02 05:09:22,276   INFO  [Iv2ExecutionSite: 0:0] HOST: Loading native VoltDB code (voltdb-5.1). A confirmation message will follow if the loading is successful.
2016-11-02 05:09:22,283   INFO  [Iv2ExecutionSite: 0:0] HOST: Successfully loaded native VoltDB library voltdb-5.1.
2016-11-02 05:09:22,284   WARN  [Iv2ExecutionSite: 0:0] DBBPOOL: Strict java memory checking is enabled, don't do release builds or performance runs with this enabled. Invoke "ant clean" and "ant -Djmemcheck=NO_MEMCHECK" to disable.
2016-11-02 05:09:22,502   INFO  [main] TM: Setting maximum size of MPI read pool to: 20
2016-11-02 05:09:22,569   INFO  [LeaderAppointer-Babysitters] TM: Appointing HSId 0:0 as leader for partition 0
2016-11-02 05:09:22,579   INFO  [LeaderAppointer-Babysitters] TM: Appointing HSId 0:1 as leader for partition 1
2016-11-02 05:09:22,594   INFO  [LeaderAppointer-Babysitters] TM: Appointing HSId 0:2 as leader for partition 2
2016-11-02 05:09:22,602   INFO  [LeaderCache] TM: SP 0:0 for partition 0 found (including self) 1 surviving replicas to repair.  Survivors: 0:0
2016-11-02 05:09:22,603   INFO  [LeaderCache] TM: SP 0:1 for partition 1 found (including self) 1 surviving replicas to repair.  Survivors: 0:1
2016-11-02 05:09:22,609   INFO  [LeaderAppointer-Babysitters] TM: Appointing HSId 0:3 as leader for partition 3
2016-11-02 05:09:22,628   INFO  [LeaderCache] TM: SP 0:2 for partition 2 found (including self) 1 surviving replicas to repair.  Survivors: 0:2
2016-11-02 05:09:22,637   INFO  [LeaderAppointer-Babysitters] TM: Appointing HSId 0:4 as leader for partition 4
2016-11-02 05:09:22,638   INFO  [LeaderCache] TM: SP 0:3 for partition 3 found (including self) 1 surviving replicas to repair.  Survivors: 0:3
2016-11-02 05:09:22,651   INFO  [LeaderAppointer-Babysitters] TM: Appointing HSId 0:5 as leader for partition 5
2016-11-02 05:09:22,654   INFO  [LeaderCache] TM: SP 0:4 for partition 4 found (including self) 1 surviving replicas to repair.  Survivors: 0:4
2016-11-02 05:09:22,659   INFO  [LeaderAppointer-Babysitters] TM: Appointing HSId 0:6 as leader for partition 6
2016-11-02 05:09:22,665   INFO  [LeaderCache] TM: SP 0:5 for partition 5 found (including self) 1 surviving replicas to repair.  Survivors: 0:5
2016-11-02 05:09:22,669   INFO  [LeaderAppointer-Babysitters] TM: Appointing HSId 0:7 as leader for partition 7
2016-11-02 05:09:22,675   INFO  [LeaderCache] TM: SP 0:6 for partition 6 found (including self) 1 surviving replicas to repair.  Survivors: 0:6
2016-11-02 05:09:22,683   INFO  [LeaderCache] TM: SP 0:7 for partition 7 found (including self) 1 surviving replicas to repair.  Survivors: 0:7
2016-11-02 05:09:22,843   INFO  [LeaderCache] TM: SP 0:0 for partition 0 finished leader promotion. Took 263 ms.
2016-11-02 05:09:22,850   INFO  [LeaderCache] EXPORT: ExportManager accepting mastership for partition 0
2016-11-02 05:09:22,853   INFO  [LeaderCache] HOST: Mailbox is not registered for site id -4
2016-11-02 05:09:22,986   INFO  [LeaderCache] TM: SP 0:1 for partition 1 finished leader promotion. Took 386 ms.
2016-11-02 05:09:22,993   INFO  [LeaderCache] EXPORT: ExportManager accepting mastership for partition 1
2016-11-02 05:09:22,996   INFO  [LeaderCache] HOST: Mailbox is not registered for site id -4
2016-11-02 05:09:23,206   INFO  [LeaderCache] TM: SP 0:2 for partition 2 finished leader promotion. Took 594 ms.
2016-11-02 05:09:23,213   INFO  [LeaderCache] EXPORT: ExportManager accepting mastership for partition 2
2016-11-02 05:09:23,221   INFO  [LeaderCache] HOST: Mailbox is not registered for site id -4
2016-11-02 05:09:23,239   INFO  [LeaderCache] TM: SP 0:3 for partition 3 finished leader promotion. Took 605 ms.
2016-11-02 05:09:23,239   INFO  [LeaderCache] TM: SP 0:4 for partition 4 finished leader promotion. Took 586 ms.
2016-11-02 05:09:23,239   INFO  [LeaderCache] EXPORT: ExportManager accepting mastership for partition 3
2016-11-02 05:09:23,240   INFO  [LeaderCache] EXPORT: ExportManager accepting mastership for partition 4
2016-11-02 05:09:23,249   INFO  [LeaderCache] HOST: Mailbox is not registered for site id -4
2016-11-02 05:09:23,249   INFO  [LeaderCache] HOST: Mailbox is not registered for site id -4
2016-11-02 05:09:23,263   INFO  [LeaderCache] TM: SP 0:6 for partition 6 finished leader promotion. Took 596 ms.
2016-11-02 05:09:23,264   INFO  [LeaderCache] TM: SP 0:5 for partition 5 finished leader promotion. Took 604 ms.
2016-11-02 05:09:23,264   INFO  [LeaderCache] EXPORT: ExportManager accepting mastership for partition 6
2016-11-02 05:09:23,265   INFO  [LeaderCache] EXPORT: ExportManager accepting mastership for partition 5
2016-11-02 05:09:23,274   INFO  [LeaderCache] TM: SP 0:7 for partition 7 finished leader promotion. Took 592 ms.
2016-11-02 05:09:23,275   INFO  [LeaderCache] HOST: Mailbox is not registered for site id -4
2016-11-02 05:09:23,276   INFO  [LeaderCache] HOST: Mailbox is not registered for site id -4
2016-11-02 05:09:23,286   INFO  [LeaderCache] EXPORT: ExportManager accepting mastership for partition 7
2016-11-02 05:09:23,290   INFO  [LeaderCache] HOST: Mailbox is not registered for site id -4
2016-11-02 05:09:23,297   INFO  [LeaderCache] TM: MP 0:8 for partition 16383 found 8 surviving leaders to repair.  Survivors: 0:0, 0:1, 0:2, 0:3, 0:4, 0:5, 0:6, 0:7
2016-11-02 05:09:23,298   INFO  [LeaderCache] TM: MP 0:8 for partition 16383 finished leader promotion. Took 5 ms.
2016-11-02 05:09:23,310   INFO  [LeaderCache] HOST: Mailbox is not registered for site id -4
2016-11-02 05:09:23,343   INFO  [main] HOST: Database start action is Create.
2016-11-02 05:09:23,365   INFO  [main] HOST: PID of this Volt process is 6733
2016-11-02 05:09:23,365   INFO  [main] HOST: Listening for native wire protocol clients on port 21212.
2016-11-02 05:09:23,365   INFO  [main] HOST: Listening for admin wire protocol clients on port 21211.
2016-11-02 05:09:23,365   INFO  [main] HOST: Local machine HTTP monitoring is listening on port 8080.
2016-11-02 05:09:23,365   INFO  [main] HOST: Json API over HTTP enabled at path /api/1.0/, listening on port 8080.
2016-11-02 05:09:23,365   INFO  [main] HOST: Maximum usable Java heap set to 1981 mb.
2016-11-02 05:09:23,365   INFO  [main] HOST: Minimum required Java heap for catalog and server config is 384 MB.
2016-11-02 05:09:23,365   INFO  [main] HOST: Cluster has 1 hosts with leader hostname: "localhost:3021". 8 sites per host. K = 0.
2016-11-02 05:09:23,365   INFO  [main] HOST: The entire cluster has 1 copy of each of the 8 logical partitions.
2016-11-02 05:09:23,365   INFO  [main] HOST: Detection of network partitions in the cluster is enabled.
2016-11-02 05:09:23,365   INFO  [main] HOST: Client authentication is not enabled. Anonymous clients accepted.
2016-11-02 05:09:23,365   INFO  [main] HOST: No schedule set for automated snapshots.
2016-11-02 05:09:23,365   INFO  [main] HOST: Using "voltdbroot" for voltdbroot directory.
2016-11-02 05:09:23,365   INFO  [main] HOST: CPU INFO:         4 Cores, 1 Sockets, 8 Hardware Threads
2016-11-02 05:09:23,365   INFO  [main] HOST: CPU DESC:         Intel(R) Core(TM) i7-4790 CPU @ 3.60GHz 8192 KB cache
2016-11-02 05:09:23,366   INFO  [main] HOST: HOST MEMORY (MB): 32117
2016-11-02 05:09:23,366   INFO  [main] HOST: OS PROFILE:       Linux 3.13.0-74-generic amd64 en_US
2016-11-02 05:09:23,366   INFO  [main] HOST: JAVA VERSION:     1.7.0_91
2016-11-02 05:09:23,366   INFO  [main] HOST: JAVA RUNTIME:     OpenJDK Runtime Environment (1.7.0_91-b02)
2016-11-02 05:09:23,366   INFO  [main] HOST: JAVA VM:          OpenJDK 64-Bit Server VM (24.91-b01, mixed mode)
2016-11-02 05:09:23,366   INFO  [main] HOST: About to list cluster interfaces for all nodes with format [ip1 ip2 ... ipN] client-port:admin-port:http-port
2016-11-02 05:09:23,366   INFO  [main] HOST:   Host id: 0 with interfaces: 172.24.15.60 21212,21211,8080 [SELF]
2016-11-02 05:09:23,366   WARN  [main] CONSOLE: This is not a highly available cluster. K-Safety is set to 0.
2016-11-02 05:09:23,366   WARN  [main] CONSOLE: Durability is turned off. Command logging is off.
2016-11-02 05:09:23,385   INFO  [SnapshotDaemon] LOGGING: This node was selected as the leader for snapshot truncation
2016-11-02 05:09:23,386   INFO  [Thread-15] HOST: Logging config info
2016-11-02 05:09:23,387   INFO  [SnapshotDaemon] LOGGING: Checking for existence of snapshot truncation request
2016-11-02 05:09:23,433   INFO  [Thread-16] CONSOLE: Server completed initialization.
2016-11-02 05:09:38,225   WARN  [Volt Client Network - 1] DBBPOOL: Strict java memory checking is enabled, don't do release builds or performance runs with this enabled. Invoke "ant clean" and "ant -Djmemcheck=NO_MEMCHECK" to disable.
2016-11-02 05:09:39,121   INFO  [Ad Hoc Planner - 0] COMPILER: Applying the following DDL to cluster:
2016-11-02 05:09:39,121   INFO  [Ad Hoc Planner - 0] COMPILER: 	CREATE TABLE towns (
   town VARCHAR(64),
   state VARCHAR(2),
   state_num INTEGER NOT NULL,
   county VARCHAR(64),
   county_num INTEGER NOT NULL,
   elevation INTEGER
)
2016-11-02 05:09:39,266   INFO  [Iv2ExecutionSite: 0:0] HOST: Globally updating the current application catalog and deployment (new hashes AC062C1ACD, FB9F6B8DA6).
2016-11-02 05:09:39,324   INFO  [Ad Hoc Planner - 0] COMPILER: Applying the following DDL to cluster:
2016-11-02 05:09:39,324   INFO  [Ad Hoc Planner - 0] COMPILER: 	CREATE TABLE people (
   state_num TINYINT NOT NULL,
   county_num INTEGER NOT NULL,
   state VARCHAR(20),
   county VARCHAR(64),
   population FLOAT
)
2016-11-02 05:09:39,447   INFO  [Iv2ExecutionSite: 0:2] HOST: Globally updating the current application catalog and deployment (new hashes B99C9FC87E, FB9F6B8DA6).
2016-11-02 05:09:39,508   INFO  [Ad Hoc Planner - 0] COMPILER: Applying the following DDL to cluster:
2016-11-02 05:09:39,508   INFO  [Ad Hoc Planner - 0] COMPILER: 	CREATE INDEX people_idx_hash ON people (state_num, county_num)
2016-11-02 05:09:39,620   INFO  [Iv2ExecutionSite: 0:6] HOST: Globally updating the current application catalog and deployment (new hashes EF27209DEC, FB9F6B8DA6).
2016-11-02 14:09:42,064   WARN  [Volt Client Network - 1] DBBPOOL: Strict java memory checking is enabled, don't do release builds or performance runs with this enabled. Invoke "ant clean" and "ant -Djmemcheck=NO_MEMCHECK" to disable.
2016-11-02 14:10:03,386   INFO  [main] CSVLOADER: Read 32768 rows from file and successfully inserted 32768 rows (final)
2016-11-02 14:10:03,386   INFO  [main] CSVLOADER: Elapsed time: 21.436 seconds
2016-11-02 14:10:03,386   INFO  [main] CSVLOADER: Invalid row file: /home/anh/work/anh/VoltDB/csvloader_PEOPLE_insert_invalidrows.csv
2016-11-02 14:10:03,386   INFO  [main] CSVLOADER: Log file: /home/anh/work/anh/VoltDB/csvloader_PEOPLE_insert_log.log
2016-11-02 14:10:03,386   INFO  [main] CSVLOADER: Report file: /home/anh/work/anh/VoltDB/csvloader_PEOPLE_insert_report.log
2016-11-02 05:10:39,632   WARN  [Thread-0] CONSOLE: The VoltDB server will shut down due to a control-C or other JVM exit.
2016-11-02 05:11:13,254   INFO  [main] CONSOLE: Initializing VoltDB...

 _    __      ____  ____  ____ 
| |  / /___  / / /_/ __ \/ __ )
| | / / __ \/ / __/ / / / __  |
| |/ / /_/ / / /_/ /_/ / /_/ / 
|___/\____/_/\__/_____/_____/

--------------------------------

2016-11-02 05:11:13,420   INFO  [main] HOST: Generating default deployment file "/home/anh/work/anh/VoltDB/voltdbroot/deployment.xml"
2016-11-02 05:11:13,425   INFO  [main] CONSOLE: Build: 5.1 This is not from a known repository Community Edition
2016-11-02 05:11:13,425   INFO  [main] HOST: Command line arguments: org.voltdb.VoltDB create host localhost:3021
2016-11-02 05:11:13,426   INFO  [main] HOST: Command line JVM arguments: -Xmx2048m -Xms2048m -XX:+AlwaysPreTouch -Djava.awt.headless=true -Dsun.net.inetaddr.ttl=300 -Dsun.net.inetaddr.negative.ttl=3600 -XX:+HeapDumpOnOutOfMemoryError -XX:HeapDumpPath=/tmp -XX:+UseParNewGC -XX:+UseConcMarkSweepGC -XX:+CMSParallelRemarkEnabled -XX:+UseTLAB -XX:CMSInitiatingOccupancyFraction=75 -XX:+UseCMSInitiatingOccupancyOnly -XX:+UseCondCardMark -Dsun.rmi.dgc.server.gcInterval=9223372036854775807 -Dsun.rmi.dgc.client.gcInterval=9223372036854775807 -XX:CMSWaitDuration=120000 -XX:CMSMaxAbortablePrecleanTime=120000 -XX:+ExplicitGCInvokesConcurrent -XX:+CMSScavengeBeforeRemark -XX:+CMSClassUnloadingEnabled -XX:PermSize=64m -Dlog4j.configuration=file:///home/anh/work/anh/VoltDB/voltdb/log4j.xml -Djava.library.path=/home/anh/work/anh/VoltDB/voltdb
2016-11-02 05:11:13,426   INFO  [main] HOST: Command line JVM classpath: /home/anh/work/anh/VoltDB/voltdb/voltdb-5.1.jar:/home/anh/work/anh/VoltDB/lib/httpcore-4.3.2.jar:/home/anh/work/anh/VoltDB/lib/scala-library.jar:/home/anh/work/anh/VoltDB/lib/avro-1.7.7.jar:/home/anh/work/anh/VoltDB/lib/metrics-core-2.2.0.jar:/home/anh/work/anh/VoltDB/lib/commons-lang3-3.0.jar:/home/anh/work/anh/VoltDB/lib/jsch-0.1.51.jar:/home/anh/work/anh/VoltDB/lib/snappy-java-1.1.0.1.jar:/home/anh/work/anh/VoltDB/lib/httpclient-4.3.2.jar:/home/anh/work/anh/VoltDB/lib/jetty-server-7.6.1.v20120215.jar:/home/anh/work/anh/VoltDB/lib/commons-cli-1.2.jar:/home/anh/work/anh/VoltDB/lib/slf4j-nop-1.6.2.jar:/home/anh/work/anh/VoltDB/lib/jetty-http-7.6.1.v20120215.jar:/home/anh/work/anh/VoltDB/lib/tomcat-juli.jar:/home/anh/work/anh/VoltDB/lib/commons-codec-1.6.jar:/home/anh/work/anh/VoltDB/lib/jetty-io-7.6.1.v20120215.jar:/home/anh/work/anh/VoltDB/lib/zmq-2.1.11.jar:/home/anh/work/anh/VoltDB/lib/tomcat-jdbc.jar:/home/anh/work/anh/VoltDB/lib/protobuf-java-2.4.1.jar:/home/anh/work/anh/VoltDB/lib/jna.jar:/home/anh/work/anh/VoltDB/lib/httpcore-nio-4.3.2.jar:/home/anh/work/anh/VoltDB/lib/log4j-1.2.16.jar:/home/anh/work/anh/VoltDB/lib/servlet-api-2.5.jar:/home/anh/work/anh/VoltDB/lib/kafka_2.8.0-0.8.1.jar:/home/anh/work/anh/VoltDB/lib/httpasyncclient-4.0.1.jar:/home/anh/work/anh/VoltDB/lib/commons-logging-1.1.3.jar:/home/anh/work/anh/VoltDB/lib/super-csv-2.1.0.jar:/home/anh/work/anh/VoltDB/lib/jackson-mapper-asl-1.9.13.jar:/home/anh/work/anh/VoltDB/lib/groovy-all-2.1.7-indy.jar:/home/anh/work/anh/VoltDB/lib/jetty-continuation-7.6.1.v20120215.jar:/home/anh/work/anh/VoltDB/lib/slf4j-api-1.6.2.jar:/home/anh/work/anh/VoltDB/lib/jetty-util-7.6.1.v20120215.jar:/home/anh/work/anh/VoltDB/lib/jackson-core-asl-1.9.13.jar:/home/anh/work/anh/VoltDB/lib/jline-2.10.jar
2016-11-02 05:11:13,431   INFO  [main] NETWORK: Default network thread count: 2
2016-11-02 05:11:13,444   INFO  [main] HOST: Beginning inter-node communication on port 3021.
2016-11-02 05:11:13,445   INFO  [main] HOST: Attempting to bind to leader ip localhost/127.0.0.1:3021
2016-11-02 05:11:13,447   INFO  [main] CONSOLE: Connecting to VoltDB cluster as the leader...
2016-11-02 05:11:13,474   INFO  [main] ZK-SERVER: binding to port /127.0.0.1:2181
2016-11-02 05:11:13,481   INFO  [main] ZK-SERVER: Created server with tickTime 3000 minSessionTimeout 6000 maxSessionTimeout 60000
2016-11-02 05:11:13,517   INFO  [main] ZK-SERVER: Initiating client connection, connectString=127.0.0.1:2181 sessionTimeout=2000 watcher=org.voltcore.zk.ZKUtil$1@90d1117
2016-11-02 05:11:13,521   INFO  [main-SendThread()] ZK-CLIENT: Opening socket connection to server /127.0.0.1:2181
2016-11-02 05:11:13,522   INFO  [main-SendThread(localhost:2181)] ZK-CLIENT: Socket connection established to localhost/127.0.0.1:2181, initiating session
2016-11-02 05:11:13,523   INFO  [NIOServerCxn.Factory:/127.0.0.1:2181] ZK-SERVER: Accepted socket connection from /127.0.0.1:44559
2016-11-02 05:11:13,524   INFO  [NIOServerCxn.Factory:/127.0.0.1:2181] ZK-SERVER: Client attempting to establish new session at /127.0.0.1:44559
2016-11-02 05:11:13,538   INFO  [ZooKeeperServer] ZK-SERVER: Established session 0x2078667fba000000 with negotiated timeout 6000 for client /127.0.0.1:44559
2016-11-02 05:11:13,538   INFO  [main-SendThread(localhost:2181)] ZK-CLIENT: Session establishment complete on server localhost/127.0.0.1:2181, sessionid = 0x2078667fba000000, negotiated timeout = 6000
2016-11-02 05:11:13,577   INFO  [Socket Joiner] HOST: Attempting to bind to internal ip 0.0.0.0/0.0.0.0:3021
2016-11-02 05:11:13,604   INFO  [main] HOST: Host id of this node is: 0
2016-11-02 05:11:13,605   INFO  [main] CONSOLE: Host id of this node is: 0
2016-11-02 05:11:13,652   INFO  [main] HOST: URL of deployment: /home/anh/work/anh/VoltDB/voltdbroot/deployment.xml
2016-11-02 05:11:13,667   INFO  [main] HOST: Dead host timeout set to 90000 milliseconds
2016-11-02 05:11:13,675   INFO  [main] HOST: Elastic duration set to 50 milliseconds
2016-11-02 05:11:13,675   INFO  [main] HOST: Elastic throughput set to 2 mb/s
2016-11-02 05:11:13,675   INFO  [main] HOST: Max temptable size set to 100 mb
2016-11-02 05:11:13,675   INFO  [main] HOST: Snapshot priority set to 6 [0 - 10]
2016-11-02 05:11:13,845   INFO  [main] HOST: Searching for license file located /home/anh/work/anh/VoltDB/license.xml
2016-11-02 05:11:13,869   INFO  [Leader elector-/db/leaders/globalservice] HOST: Host 0 promoted to be the global service provider
2016-11-02 05:11:14,587   INFO  [main] EXPORT: System is not using any export functionality.
2016-11-02 05:11:14,593   INFO  [main] CONSOLE: Initializing the database. This may take a moment...
2016-11-02 05:11:14,621   INFO  [Iv2ExecutionSite: 0:0] HOST: Loading native VoltDB code (voltdb-5.1). A confirmation message will follow if the loading is successful.
2016-11-02 05:11:14,627   INFO  [Iv2ExecutionSite: 0:0] HOST: Successfully loaded native VoltDB library voltdb-5.1.
2016-11-02 05:11:14,629   WARN  [Iv2ExecutionSite: 0:0] DBBPOOL: Strict java memory checking is enabled, don't do release builds or performance runs with this enabled. Invoke "ant clean" and "ant -Djmemcheck=NO_MEMCHECK" to disable.
2016-11-02 05:11:14,872   INFO  [main] TM: Setting maximum size of MPI read pool to: 20
2016-11-02 05:11:14,929   INFO  [LeaderAppointer-Babysitters] TM: Appointing HSId 0:0 as leader for partition 0
2016-11-02 05:11:14,944   INFO  [LeaderAppointer-Babysitters] TM: Appointing HSId 0:1 as leader for partition 1
2016-11-02 05:11:14,954   INFO  [LeaderAppointer-Babysitters] TM: Appointing HSId 0:2 as leader for partition 2
2016-11-02 05:11:14,957   INFO  [LeaderCache] TM: SP 0:0 for partition 0 found (including self) 1 surviving replicas to repair.  Survivors: 0:0
2016-11-02 05:11:14,957   INFO  [LeaderCache] TM: SP 0:1 for partition 1 found (including self) 1 surviving replicas to repair.  Survivors: 0:1
2016-11-02 05:11:14,963   INFO  [LeaderAppointer-Babysitters] TM: Appointing HSId 0:3 as leader for partition 3
2016-11-02 05:11:14,968   INFO  [LeaderCache] TM: SP 0:2 for partition 2 found (including self) 1 surviving replicas to repair.  Survivors: 0:2
2016-11-02 05:11:14,980   INFO  [LeaderCache] TM: SP 0:0 for partition 0 finished leader promotion. Took 35 ms.
2016-11-02 05:11:14,981   INFO  [LeaderAppointer-Babysitters] TM: Appointing HSId 0:4 as leader for partition 4
2016-11-02 05:11:14,981   INFO  [LeaderCache] TM: SP 0:3 for partition 3 found (including self) 1 surviving replicas to repair.  Survivors: 0:3
2016-11-02 05:11:14,982   INFO  [LeaderCache] EXPORT: ExportManager accepting mastership for partition 0
2016-11-02 05:11:14,986   INFO  [LeaderCache] HOST: Mailbox is not registered for site id -4
2016-11-02 05:11:14,993   INFO  [LeaderAppointer-Babysitters] TM: Appointing HSId 0:5 as leader for partition 5
2016-11-02 05:11:14,993   INFO  [LeaderCache] TM: SP 0:4 for partition 4 found (including self) 1 surviving replicas to repair.  Survivors: 0:4
2016-11-02 05:11:15,035   INFO  [LeaderAppointer-Babysitters] TM: Appointing HSId 0:6 as leader for partition 6
2016-11-02 05:11:15,035   INFO  [LeaderCache] TM: SP 0:5 for partition 5 found (including self) 1 surviving replicas to repair.  Survivors: 0:5
2016-11-02 05:11:15,040   INFO  [LeaderCache] TM: SP 0:1 for partition 1 finished leader promotion. Took 85 ms.
2016-11-02 05:11:15,043   INFO  [LeaderCache] EXPORT: ExportManager accepting mastership for partition 1
2016-11-02 05:11:15,053   INFO  [LeaderAppointer-Babysitters] TM: Appointing HSId 0:7 as leader for partition 7
2016-11-02 05:11:15,055   INFO  [LeaderCache] HOST: Mailbox is not registered for site id -4
2016-11-02 05:11:15,057   INFO  [LeaderCache] TM: SP 0:6 for partition 6 found (including self) 1 surviving replicas to repair.  Survivors: 0:6
2016-11-02 05:11:15,072   INFO  [LeaderCache] TM: SP 0:7 for partition 7 found (including self) 1 surviving replicas to repair.  Survivors: 0:7
2016-11-02 05:11:15,269   INFO  [LeaderCache] TM: SP 0:2 for partition 2 finished leader promotion. Took 305 ms.
2016-11-02 05:11:15,275   INFO  [LeaderCache] EXPORT: ExportManager accepting mastership for partition 2
2016-11-02 05:11:15,285   INFO  [LeaderCache] HOST: Mailbox is not registered for site id -4
2016-11-02 05:11:15,335   INFO  [LeaderCache] TM: SP 0:3 for partition 3 finished leader promotion. Took 357 ms.
2016-11-02 05:11:15,342   INFO  [LeaderCache] EXPORT: ExportManager accepting mastership for partition 3
2016-11-02 05:11:15,348   INFO  [LeaderCache] HOST: Mailbox is not registered for site id -4
2016-11-02 05:11:15,368   INFO  [LeaderCache] TM: SP 0:5 for partition 5 finished leader promotion. Took 358 ms.
2016-11-02 05:11:15,375   INFO  [LeaderCache] EXPORT: ExportManager accepting mastership for partition 5
2016-11-02 05:11:15,387   INFO  [LeaderCache] HOST: Mailbox is not registered for site id -4
2016-11-02 05:11:15,390   INFO  [LeaderCache] TM: SP 0:6 for partition 6 finished leader promotion. Took 339 ms.
2016-11-02 05:11:15,391   INFO  [LeaderCache] TM: SP 0:4 for partition 4 finished leader promotion. Took 400 ms.
2016-11-02 05:11:15,392   INFO  [LeaderCache] EXPORT: ExportManager accepting mastership for partition 6
2016-11-02 05:11:15,393   INFO  [LeaderCache] EXPORT: ExportManager accepting mastership for partition 4
2016-11-02 05:11:15,398   INFO  [LeaderCache] HOST: Mailbox is not registered for site id -4
2016-11-02 05:11:15,398   INFO  [LeaderCache] HOST: Mailbox is not registered for site id -4
2016-11-02 05:11:15,400   INFO  [LeaderCache] TM: SP 0:7 for partition 7 finished leader promotion. Took 330 ms.
2016-11-02 05:11:15,407   INFO  [LeaderCache] EXPORT: ExportManager accepting mastership for partition 7
2016-11-02 05:11:15,410   INFO  [LeaderCache] HOST: Mailbox is not registered for site id -4
2016-11-02 05:11:15,418   INFO  [LeaderCache] TM: MP 0:8 for partition 16383 found 8 surviving leaders to repair.  Survivors: 0:0, 0:1, 0:2, 0:3, 0:4, 0:5, 0:6, 0:7
2016-11-02 05:11:15,420   INFO  [LeaderCache] TM: MP 0:8 for partition 16383 finished leader promotion. Took 9 ms.
2016-11-02 05:11:15,432   INFO  [LeaderCache] HOST: Mailbox is not registered for site id -4
2016-11-02 05:11:15,462   INFO  [main] HOST: Database start action is Create.
2016-11-02 05:11:15,487   INFO  [main] HOST: PID of this Volt process is 8374
2016-11-02 05:11:15,487   INFO  [main] HOST: Listening for native wire protocol clients on port 21212.
2016-11-02 05:11:15,487   INFO  [main] HOST: Listening for admin wire protocol clients on port 21211.
2016-11-02 05:11:15,487   INFO  [main] HOST: Local machine HTTP monitoring is listening on port 8080.
2016-11-02 05:11:15,487   INFO  [main] HOST: Json API over HTTP enabled at path /api/1.0/, listening on port 8080.
2016-11-02 05:11:15,487   INFO  [main] HOST: Maximum usable Java heap set to 1981 mb.
2016-11-02 05:11:15,487   INFO  [main] HOST: Minimum required Java heap for catalog and server config is 384 MB.
2016-11-02 05:11:15,487   INFO  [main] HOST: Cluster has 1 hosts with leader hostname: "localhost:3021". 8 sites per host. K = 0.
2016-11-02 05:11:15,487   INFO  [main] HOST: The entire cluster has 1 copy of each of the 8 logical partitions.
2016-11-02 05:11:15,487   INFO  [main] HOST: Detection of network partitions in the cluster is enabled.
2016-11-02 05:11:15,487   INFO  [main] HOST: Client authentication is not enabled. Anonymous clients accepted.
2016-11-02 05:11:15,487   INFO  [main] HOST: No schedule set for automated snapshots.
2016-11-02 05:11:15,487   INFO  [main] HOST: Using "voltdbroot" for voltdbroot directory.
2016-11-02 05:11:15,488   INFO  [main] HOST: CPU INFO:         4 Cores, 1 Sockets, 8 Hardware Threads
2016-11-02 05:11:15,488   INFO  [main] HOST: CPU DESC:         Intel(R) Core(TM) i7-4790 CPU @ 3.60GHz 8192 KB cache
2016-11-02 05:11:15,488   INFO  [main] HOST: HOST MEMORY (MB): 32117
2016-11-02 05:11:15,488   INFO  [main] HOST: OS PROFILE:       Linux 3.13.0-74-generic amd64 en_US
2016-11-02 05:11:15,488   INFO  [main] HOST: JAVA VERSION:     1.7.0_91
2016-11-02 05:11:15,488   INFO  [main] HOST: JAVA RUNTIME:     OpenJDK Runtime Environment (1.7.0_91-b02)
2016-11-02 05:11:15,488   INFO  [main] HOST: JAVA VM:          OpenJDK 64-Bit Server VM (24.91-b01, mixed mode)
2016-11-02 05:11:15,488   INFO  [main] HOST: About to list cluster interfaces for all nodes with format [ip1 ip2 ... ipN] client-port:admin-port:http-port
2016-11-02 05:11:15,488   INFO  [main] HOST:   Host id: 0 with interfaces: 172.24.15.60 21212,21211,8080 [SELF]
2016-11-02 05:11:15,488   WARN  [main] CONSOLE: This is not a highly available cluster. K-Safety is set to 0.
2016-11-02 05:11:15,488   WARN  [main] CONSOLE: Durability is turned off. Command logging is off.
2016-11-02 05:11:15,507   INFO  [SnapshotDaemon] LOGGING: This node was selected as the leader for snapshot truncation
2016-11-02 05:11:15,507   INFO  [Thread-15] HOST: Logging config info
2016-11-02 05:11:15,508   INFO  [SnapshotDaemon] LOGGING: Checking for existence of snapshot truncation request
2016-11-02 05:11:15,539   INFO  [Thread-16] CONSOLE: Server completed initialization.
2016-11-02 05:11:31,550   WARN  [Volt Client Network - 1] DBBPOOL: Strict java memory checking is enabled, don't do release builds or performance runs with this enabled. Invoke "ant clean" and "ant -Djmemcheck=NO_MEMCHECK" to disable.
2016-11-02 05:11:48,044   INFO  [Ad Hoc Planner - 0] COMPILER: Applying the following DDL to cluster:
2016-11-02 05:11:48,044   INFO  [Ad Hoc Planner - 0] COMPILER: 	CREATE TABLE towns (
   town VARCHAR(64),
   state VARCHAR(2),
   state_num INTEGER NOT NULL,
   county VARCHAR(64),
   county_num INTEGER NOT NULL,
   elevation INTEGER
)
2016-11-02 05:11:48,191   INFO  [Iv2ExecutionSite: 0:0] HOST: Globally updating the current application catalog and deployment (new hashes 8A10F7AC70, FB9F6B8DA6).
2016-11-02 05:11:48,252   INFO  [Ad Hoc Planner - 0] COMPILER: Applying the following DDL to cluster:
2016-11-02 05:11:48,252   INFO  [Ad Hoc Planner - 0] COMPILER: 	CREATE TABLE people (
   state_num BIGINT NOT NULL,
   county_num BIGINT NOT NULL,
   state VARCHAR(20),
   county VARCHAR(64),
   population FLOAT
)
2016-11-02 05:11:48,399   INFO  [Iv2ExecutionSite: 0:0] HOST: Globally updating the current application catalog and deployment (new hashes FFCD1199FB, FB9F6B8DA6).
2016-11-02 05:11:48,453   INFO  [Ad Hoc Planner - 0] COMPILER: Applying the following DDL to cluster:
2016-11-02 05:11:48,453   INFO  [Ad Hoc Planner - 0] COMPILER: 	CREATE INDEX people_idx_hash ON people (state_num, county_num)
2016-11-02 05:11:48,569   INFO  [Iv2ExecutionSite: 0:0] HOST: Globally updating the current application catalog and deployment (new hashes 69396D2437, FB9F6B8DA6).
2016-11-02 14:11:55,166   WARN  [Volt Client Network - 1] DBBPOOL: Strict java memory checking is enabled, don't do release builds or performance runs with this enabled. Invoke "ant clean" and "ant -Djmemcheck=NO_MEMCHECK" to disable.
2016-11-02 14:12:29,626   INFO  [main] CSVLOADER: Read 32768 rows from file and successfully inserted 32768 rows (final)
2016-11-02 14:12:29,626   INFO  [main] CSVLOADER: Elapsed time: 34.578 seconds
2016-11-02 14:12:29,626   INFO  [main] CSVLOADER: Invalid row file: /home/anh/work/anh/VoltDB/csvloader_PEOPLE_insert_invalidrows.csv
2016-11-02 14:12:29,626   INFO  [main] CSVLOADER: Log file: /home/anh/work/anh/VoltDB/csvloader_PEOPLE_insert_log.log
2016-11-02 14:12:29,626   INFO  [main] CSVLOADER: Report file: /home/anh/work/anh/VoltDB/csvloader_PEOPLE_insert_report.log
2016-11-02 08:50:15,102   WARN  [Thread-0] CONSOLE: The VoltDB server will shut down due to a control-C or other JVM exit.
